{"/home/jester/frontend/track-mail/convertBytesToHuman.js": {"path":"/home/jester/frontend/track-mail/convertBytesToHuman.js","statementMap":{"0":{"start":{"line":10,"column":12},"end":{"line":11,"column":31}},"1":{"start":{"line":12,"column":2},"end":{"line":14,"column":3}},"2":{"start":{"line":13,"column":4},"end":{"line":13,"column":17}},"3":{"start":{"line":15,"column":2},"end":{"line":17,"column":3}},"4":{"start":{"line":16,"column":4},"end":{"line":16,"column":17}},"5":{"start":{"line":18,"column":2},"end":{"line":20,"column":3}},"6":{"start":{"line":19,"column":4},"end":{"line":19,"column":17}},"7":{"start":{"line":21,"column":2},"end":{"line":23,"column":3}},"8":{"start":{"line":22,"column":4},"end":{"line":22,"column":31}},"9":{"start":{"line":24,"column":2},"end":{"line":26,"column":3}},"10":{"start":{"line":25,"column":4},"end":{"line":25,"column":63}},"11":{"start":{"line":27,"column":2},"end":{"line":29,"column":3}},"12":{"start":{"line":28,"column":4},"end":{"line":28,"column":66}},"13":{"start":{"line":30,"column":2},"end":{"line":30,"column":67}}},"fnMap":{"0":{"name":"convertBytesToHuman","decl":{"start":{"line":9,"column":24},"end":{"line":9,"column":43}},"loc":{"start":{"line":9,"column":51},"end":{"line":31,"column":1}},"line":9}},"branchMap":{"0":{"loc":{"start":{"line":12,"column":2},"end":{"line":14,"column":3}},"type":"if","locations":[{"start":{"line":12,"column":2},"end":{"line":14,"column":3}},{"start":{"line":12,"column":2},"end":{"line":14,"column":3}}],"line":12},"1":{"loc":{"start":{"line":15,"column":2},"end":{"line":17,"column":3}},"type":"if","locations":[{"start":{"line":15,"column":2},"end":{"line":17,"column":3}},{"start":{"line":15,"column":2},"end":{"line":17,"column":3}}],"line":15},"2":{"loc":{"start":{"line":18,"column":2},"end":{"line":20,"column":3}},"type":"if","locations":[{"start":{"line":18,"column":2},"end":{"line":20,"column":3}},{"start":{"line":18,"column":2},"end":{"line":20,"column":3}}],"line":18},"3":{"loc":{"start":{"line":21,"column":2},"end":{"line":23,"column":3}},"type":"if","locations":[{"start":{"line":21,"column":2},"end":{"line":23,"column":3}},{"start":{"line":21,"column":2},"end":{"line":23,"column":3}}],"line":21},"4":{"loc":{"start":{"line":24,"column":2},"end":{"line":26,"column":3}},"type":"if","locations":[{"start":{"line":24,"column":2},"end":{"line":26,"column":3}},{"start":{"line":24,"column":2},"end":{"line":26,"column":3}}],"line":24},"5":{"loc":{"start":{"line":27,"column":2},"end":{"line":29,"column":3}},"type":"if","locations":[{"start":{"line":27,"column":2},"end":{"line":29,"column":3}},{"start":{"line":27,"column":2},"end":{"line":29,"column":3}}],"line":27}},"s":{"0":6,"1":6,"2":1,"3":5,"4":1,"5":4,"6":1,"7":3,"8":1,"9":2,"10":1,"11":1,"12":0,"13":1},"f":{"0":6},"b":{"0":[1,5],"1":[1,4],"2":[1,3],"3":[1,2],"4":[1,1],"5":[0,1]},"_coverageSchema":"43e27e138ebf9cfc5966b082cf9a028302ed4184","hash":"fb3b2036760a8dd2c982a13f72b17cc864ac5261"}
,"/home/jester/frontend/track-mail/correctSentence.js": {"path":"/home/jester/frontend/track-mail/correctSentence.js","statementMap":{"0":{"start":{"line":21,"column":2},"end":{"line":21,"column":25}},"1":{"start":{"line":21,"column":13},"end":{"line":21,"column":25}},"2":{"start":{"line":22,"column":18},"end":{"line":22,"column":55}},"3":{"start":{"line":23,"column":2},"end":{"line":23,"column":63}},"4":{"start":{"line":23,"column":46},"end":{"line":23,"column":63}},"5":{"start":{"line":24,"column":2},"end":{"line":24,"column":19}}},"fnMap":{"0":{"name":"correctSentence","decl":{"start":{"line":20,"column":24},"end":{"line":20,"column":39}},"loc":{"start":{"line":20,"column":46},"end":{"line":25,"column":1}},"line":20}},"branchMap":{"0":{"loc":{"start":{"line":21,"column":2},"end":{"line":21,"column":25}},"type":"if","locations":[{"start":{"line":21,"column":2},"end":{"line":21,"column":25}},{"start":{"line":21,"column":2},"end":{"line":21,"column":25}}],"line":21},"1":{"loc":{"start":{"line":23,"column":2},"end":{"line":23,"column":63}},"type":"if","locations":[{"start":{"line":23,"column":2},"end":{"line":23,"column":63}},{"start":{"line":23,"column":2},"end":{"line":23,"column":63}}],"line":23}},"s":{"0":3,"1":0,"2":3,"3":3,"4":2,"5":3},"f":{"0":3},"b":{"0":[0,3],"1":[2,1]},"_coverageSchema":"43e27e138ebf9cfc5966b082cf9a028302ed4184","hash":"69e1629790fadc3cf74f756187d1989f5634ee39"}
,"/home/jester/frontend/track-mail/nonUniqueElements.js": {"path":"/home/jester/frontend/track-mail/nonUniqueElements.js","statementMap":{"0":{"start":{"line":28,"column":12},"end":{"line":28,"column":21}},"1":{"start":{"line":29,"column":2},"end":{"line":29,"column":73}},"2":{"start":{"line":29,"column":26},"end":{"line":29,"column":71}},"3":{"start":{"line":30,"column":2},"end":{"line":30,"column":54}},"4":{"start":{"line":30,"column":32},"end":{"line":30,"column":52}}},"fnMap":{"0":{"name":"nonUniqueElements","decl":{"start":{"line":27,"column":24},"end":{"line":27,"column":41}},"loc":{"start":{"line":27,"column":48},"end":{"line":31,"column":1}},"line":27},"1":{"name":"(anonymous_1)","decl":{"start":{"line":29,"column":15},"end":{"line":29,"column":16}},"loc":{"start":{"line":29,"column":26},"end":{"line":29,"column":71}},"line":29},"2":{"name":"(anonymous_2)","decl":{"start":{"line":30,"column":21},"end":{"line":30,"column":22}},"loc":{"start":{"line":30,"column":32},"end":{"line":30,"column":52}},"line":30}},"branchMap":{"0":{"loc":{"start":{"line":29,"column":44},"end":{"line":29,"column":65}},"type":"binary-expr","locations":[{"start":{"line":29,"column":44},"end":{"line":29,"column":60}},{"start":{"line":29,"column":64},"end":{"line":29,"column":65}}],"line":29}},"s":{"0":4,"1":4,"2":21,"3":4,"4":21},"f":{"0":4,"1":21,"2":21},"b":{"0":[21,12]},"_coverageSchema":"43e27e138ebf9cfc5966b082cf9a028302ed4184","hash":"d451415c78b455e617b18d474139ea31a8c59239"}
,"/home/jester/frontend/track-mail/src/actions/counter.js": {"path":"/home/jester/frontend/track-mail/src/actions/counter.js","statementMap":{"0":{"start":{"line":5,"column":22},"end":{"line":5,"column":38}},"1":{"start":{"line":6,"column":2},"end":{"line":6,"column":31}},"2":{"start":{"line":6,"column":25},"end":{"line":6,"column":31}},"3":{"start":{"line":7,"column":2},"end":{"line":7,"column":57}}},"fnMap":{"0":{"name":"incrementIfOdd","decl":{"start":{"line":4,"column":16},"end":{"line":4,"column":30}},"loc":{"start":{"line":4,"column":33},"end":{"line":8,"column":1}},"line":4}},"branchMap":{"0":{"loc":{"start":{"line":6,"column":2},"end":{"line":6,"column":31}},"type":"if","locations":[{"start":{"line":6,"column":2},"end":{"line":6,"column":31}},{"start":{"line":6,"column":2},"end":{"line":6,"column":31}}],"line":6}},"s":{"0":0,"1":0,"2":0,"3":0},"f":{"0":0},"b":{"0":[0,0]},"_coverageSchema":"43e27e138ebf9cfc5966b082cf9a028302ed4184","hash":"5c3d57b3624dd88fda339793d787e0316a7cf83d"}
,"/home/jester/frontend/track-mail/src/components/Counter.js": {"path":"/home/jester/frontend/track-mail/src/components/Counter.js","statementMap":{"0":{"start":{"line":5,"column":14},"end":{"line":7,"column":1}},"1":{"start":{"line":10,"column":2},"end":{"line":21,"column":3}},"2":{"start":{"line":24,"column":0},"end":{"line":29,"column":1}}},"fnMap":{"0":{"name":"Counter","decl":{"start":{"line":9,"column":9},"end":{"line":9,"column":16}},"loc":{"start":{"line":9,"column":68},"end":{"line":22,"column":1}},"line":9}},"branchMap":{},"s":{"0":1,"1":1,"2":1},"f":{"0":1},"b":{},"_coverageSchema":"43e27e138ebf9cfc5966b082cf9a028302ed4184","hash":"0347fc6c57f19b7835d0bd37494460c8e0d9fa4d"}
,"/home/jester/frontend/track-mail/src/constants/ActionTypes.js": {"path":"/home/jester/frontend/track-mail/src/constants/ActionTypes.js","statementMap":{},"fnMap":{},"branchMap":{},"s":{},"f":{},"b":{},"_coverageSchema":"43e27e138ebf9cfc5966b082cf9a028302ed4184","hash":"f9e68d1072577ed423712e49ac57fff64b14b51f"}
,"/home/jester/frontend/track-mail/src/containers/CounterContainer.js": {"path":"/home/jester/frontend/track-mail/src/containers/CounterContainer.js","statementMap":{"0":{"start":{"line":9,"column":21},"end":{"line":12,"column":3}},"1":{"start":{"line":14,"column":14},"end":{"line":16,"column":3}},"2":{"start":{"line":15,"column":4},"end":{"line":15,"column":64}},"3":{"start":{"line":18,"column":14},"end":{"line":20,"column":3}},"4":{"start":{"line":19,"column":4},"end":{"line":19,"column":64}},"5":{"start":{"line":22,"column":19},"end":{"line":24,"column":3}},"6":{"start":{"line":23,"column":4},"end":{"line":23,"column":20}},"7":{"start":{"line":27,"column":4},"end":{"line":34,"column":5}},"8":{"start":{"line":39,"column":2},"end":{"line":41,"column":3}}},"fnMap":{"0":{"name":"(anonymous_0)","decl":{"start":{"line":14,"column":14},"end":{"line":14,"column":15}},"loc":{"start":{"line":14,"column":20},"end":{"line":16,"column":3}},"line":14},"1":{"name":"(anonymous_1)","decl":{"start":{"line":18,"column":14},"end":{"line":18,"column":15}},"loc":{"start":{"line":18,"column":20},"end":{"line":20,"column":3}},"line":18},"2":{"name":"(anonymous_2)","decl":{"start":{"line":22,"column":19},"end":{"line":22,"column":20}},"loc":{"start":{"line":22,"column":25},"end":{"line":24,"column":3}},"line":22},"3":{"name":"(anonymous_3)","decl":{"start":{"line":26,"column":2},"end":{"line":26,"column":3}},"loc":{"start":{"line":26,"column":11},"end":{"line":35,"column":3}},"line":26},"4":{"name":"mapStateToProps","decl":{"start":{"line":38,"column":9},"end":{"line":38,"column":24}},"loc":{"start":{"line":38,"column":32},"end":{"line":42,"column":1}},"line":38}},"branchMap":{},"s":{"0":1,"1":1,"2":0,"3":1,"4":0,"5":1,"6":0,"7":1,"8":0},"f":{"0":0,"1":0,"2":0,"3":1,"4":0},"b":{},"_coverageSchema":"43e27e138ebf9cfc5966b082cf9a028302ed4184","hash":"ef4eb2ab4aee2b5ab7233d7069b85bbe16dfe39e"}
,"/home/jester/frontend/track-mail/src/reducers/counter.js": {"path":"/home/jester/frontend/track-mail/src/reducers/counter.js","statementMap":{"0":{"start":{"line":3,"column":21},"end":{"line":3,"column":22}},"1":{"start":{"line":6,"column":2},"end":{"line":13,"column":3}},"2":{"start":{"line":8,"column":6},"end":{"line":8,"column":22}},"3":{"start":{"line":10,"column":6},"end":{"line":10,"column":22}},"4":{"start":{"line":12,"column":6},"end":{"line":12,"column":18}}},"fnMap":{"0":{"name":"counter","decl":{"start":{"line":5,"column":24},"end":{"line":5,"column":31}},"loc":{"start":{"line":5,"column":62},"end":{"line":14,"column":1}},"line":5}},"branchMap":{"0":{"loc":{"start":{"line":5,"column":32},"end":{"line":5,"column":52}},"type":"default-arg","locations":[{"start":{"line":5,"column":40},"end":{"line":5,"column":52}}],"line":5},"1":{"loc":{"start":{"line":6,"column":2},"end":{"line":13,"column":3}},"type":"switch","locations":[{"start":{"line":7,"column":4},"end":{"line":8,"column":22}},{"start":{"line":9,"column":4},"end":{"line":10,"column":22}},{"start":{"line":11,"column":4},"end":{"line":12,"column":18}}],"line":6}},"s":{"0":1,"1":3,"2":0,"3":0,"4":3},"f":{"0":3},"b":{"0":[3],"1":[0,0,3]},"_coverageSchema":"43e27e138ebf9cfc5966b082cf9a028302ed4184","hash":"7264e540d747969da87d94aa58a5b6fbd427387b"}
,"/home/jester/frontend/track-mail/src/reducers/index.js": {"path":"/home/jester/frontend/track-mail/src/reducers/index.js","statementMap":{"0":{"start":{"line":4,"column":20},"end":{"line":6,"column":2}}},"fnMap":{},"branchMap":{},"s":{"0":1},"f":{},"b":{},"_coverageSchema":"43e27e138ebf9cfc5966b082cf9a028302ed4184","hash":"058b80b41199df361d9ad7e9ab7c085f56bf5303"}
,"/home/jester/frontend/track-mail/src/store/index.js": {"path":"/home/jester/frontend/track-mail/src/store/index.js","statementMap":{"0":{"start":{"line":1,"column":27},"end":{"line":3,"column":25}},"1":{"start":{"line":6,"column":0},"end":{"line":6,"column":24}}},"fnMap":{},"branchMap":{"0":{"loc":{"start":{"line":1,"column":27},"end":{"line":3,"column":25}},"type":"cond-expr","locations":[{"start":{"line":2,"column":4},"end":{"line":2,"column":26}},{"start":{"line":3,"column":4},"end":{"line":3,"column":25}}],"line":1}},"s":{"0":1,"1":1},"f":{},"b":{"0":[0,1]},"_coverageSchema":"43e27e138ebf9cfc5966b082cf9a028302ed4184","hash":"c10688b48aca33b246be6ce06ebdd449394865be"}
,"/home/jester/frontend/track-mail/src/store/storeDev.js": {"path":"/home/jester/frontend/track-mail/src/store/storeDev.js","statementMap":{"0":{"start":{"line":7,"column":22},"end":{"line":7,"column":34}},"1":{"start":{"line":8,"column":20},"end":{"line":11,"column":3}},"2":{"start":{"line":12,"column":27},"end":{"line":15,"column":4}},"3":{"start":{"line":16,"column":16},"end":{"line":16,"column":86}},"4":{"start":{"line":17,"column":2},"end":{"line":24,"column":3}},"5":{"start":{"line":19,"column":4},"end":{"line":23,"column":6}},"6":{"start":{"line":21,"column":26},"end":{"line":21,"column":56}},"7":{"start":{"line":22,"column":6},"end":{"line":22,"column":39}},"8":{"start":{"line":26,"column":2},"end":{"line":26,"column":14}}},"fnMap":{"0":{"name":"configureStore","decl":{"start":{"line":6,"column":24},"end":{"line":6,"column":38}},"loc":{"start":{"line":6,"column":58},"end":{"line":27,"column":1}},"line":6},"1":{"name":"(anonymous_1)","decl":{"start":{"line":19,"column":37},"end":{"line":19,"column":38}},"loc":{"start":{"line":19,"column":43},"end":{"line":23,"column":5}},"line":19}},"branchMap":{"0":{"loc":{"start":{"line":6,"column":39},"end":{"line":6,"column":56}},"type":"default-arg","locations":[{"start":{"line":6,"column":54},"end":{"line":6,"column":56}}],"line":6},"1":{"loc":{"start":{"line":17,"column":2},"end":{"line":24,"column":3}},"type":"if","locations":[{"start":{"line":17,"column":2},"end":{"line":24,"column":3}},{"start":{"line":17,"column":2},"end":{"line":24,"column":3}}],"line":17}},"s":{"0":1,"1":1,"2":1,"3":1,"4":1,"5":0,"6":0,"7":0,"8":1},"f":{"0":1,"1":0},"b":{"0":[1],"1":[0,1]},"_coverageSchema":"43e27e138ebf9cfc5966b082cf9a028302ed4184","hash":"c4d05be33b0965ff76d1491bfd93339cf5042794"}
}
