TN:
SF:/home/jester/frontend/track-mail/convertBytesToHuman.js
FN:9,convertBytesToHuman
FNF:1
FNH:1
FNDA:6,convertBytesToHuman
DA:10,6
DA:12,6
DA:13,1
DA:15,5
DA:16,1
DA:18,4
DA:19,1
DA:21,3
DA:22,1
DA:24,2
DA:25,1
DA:27,1
DA:28,0
DA:30,1
LF:14
LH:13
BRDA:12,0,0,1
BRDA:12,0,1,5
BRDA:15,1,0,1
BRDA:15,1,1,4
BRDA:18,2,0,1
BRDA:18,2,1,3
BRDA:21,3,0,1
BRDA:21,3,1,2
BRDA:24,4,0,1
BRDA:24,4,1,1
BRDA:27,5,0,0
BRDA:27,5,1,1
BRF:12
BRH:11
end_of_record
TN:
SF:/home/jester/frontend/track-mail/correctSentence.js
FN:20,correctSentence
FNF:1
FNH:1
FNDA:3,correctSentence
DA:21,3
DA:22,3
DA:23,3
DA:24,3
LF:4
LH:4
BRDA:21,0,0,0
BRDA:21,0,1,3
BRDA:23,1,0,2
BRDA:23,1,1,1
BRF:4
BRH:3
end_of_record
TN:
SF:/home/jester/frontend/track-mail/nonUniqueElements.js
FN:27,nonUniqueElements
FN:29,(anonymous_1)
FN:30,(anonymous_2)
FNF:3
FNH:3
FNDA:4,nonUniqueElements
FNDA:21,(anonymous_1)
FNDA:21,(anonymous_2)
DA:28,4
DA:29,21
DA:30,21
LF:3
LH:3
BRDA:29,0,0,21
BRDA:29,0,1,12
BRF:2
BRH:2
end_of_record
TN:
SF:/home/jester/frontend/track-mail/src/actions/counter.js
FN:4,incrementIfOdd
FNF:1
FNH:0
FNDA:0,incrementIfOdd
DA:5,0
DA:6,0
DA:7,0
LF:3
LH:0
BRDA:6,0,0,0
BRDA:6,0,1,0
BRF:2
BRH:0
end_of_record
TN:
SF:/home/jester/frontend/track-mail/src/components/Counter.js
FN:9,Counter
FNF:1
FNH:1
FNDA:1,Counter
DA:5,1
DA:10,1
DA:24,1
LF:3
LH:3
BRF:0
BRH:0
end_of_record
TN:
SF:/home/jester/frontend/track-mail/src/constants/ActionTypes.js
FNF:0
FNH:0
LF:0
LH:0
BRF:0
BRH:0
end_of_record
TN:
SF:/home/jester/frontend/track-mail/src/containers/CounterContainer.js
FN:14,(anonymous_0)
FN:18,(anonymous_1)
FN:22,(anonymous_2)
FN:26,(anonymous_3)
FN:38,mapStateToProps
FNF:5
FNH:1
FNDA:0,(anonymous_0)
FNDA:0,(anonymous_1)
FNDA:0,(anonymous_2)
FNDA:1,(anonymous_3)
FNDA:0,mapStateToProps
DA:9,1
DA:14,1
DA:15,0
DA:18,1
DA:19,0
DA:22,1
DA:23,0
DA:27,1
DA:39,0
LF:9
LH:5
BRF:0
BRH:0
end_of_record
TN:
SF:/home/jester/frontend/track-mail/src/reducers/counter.js
FN:5,counter
FNF:1
FNH:1
FNDA:3,counter
DA:3,1
DA:6,3
DA:8,0
DA:10,0
DA:12,3
LF:5
LH:3
BRDA:5,0,0,3
BRDA:6,1,0,0
BRDA:6,1,1,0
BRDA:6,1,2,3
BRF:4
BRH:2
end_of_record
TN:
SF:/home/jester/frontend/track-mail/src/reducers/index.js
FNF:0
FNH:0
DA:4,1
LF:1
LH:1
BRF:0
BRH:0
end_of_record
TN:
SF:/home/jester/frontend/track-mail/src/store/index.js
FNF:0
FNH:0
DA:1,1
DA:6,1
LF:2
LH:2
BRDA:1,0,0,0
BRDA:1,0,1,1
BRF:2
BRH:1
end_of_record
TN:
SF:/home/jester/frontend/track-mail/src/store/storeDev.js
FN:6,configureStore
FN:19,(anonymous_1)
FNF:2
FNH:1
FNDA:1,configureStore
FNDA:0,(anonymous_1)
DA:7,1
DA:8,1
DA:12,1
DA:16,1
DA:17,1
DA:19,0
DA:21,0
DA:22,0
DA:26,1
LF:9
LH:6
BRDA:6,0,0,1
BRDA:17,1,0,0
BRDA:17,1,1,1
BRF:3
BRH:2
end_of_record
